{"error":{"clientVersion":"6.13.0","code":"P2025","meta":{"cause":"No record was found for a delete.","modelName":"Todo"},"name":"PrismaClientKnownRequestError"},"level":"error","message":"Failed to Delete","timestamp":"2025-08-05T07:30:14.724Z"}
{"error":{"clientVersion":"6.13.0","name":"PrismaClientInitializationError"},"level":"error","message":"Failed to fetch todos","timestamp":"2025-08-05T08:21:43.846Z"}
{"error":{"clientVersion":"6.13.0","code":"P2025","meta":{"cause":"No record was found for a delete.","modelName":"Todo"},"name":"PrismaClientKnownRequestError"},"level":"error","message":"Failed to Delete","timestamp":"2025-08-05T08:26:53.527Z"}
{"error":{"clientVersion":"6.13.0","code":"P2025","meta":{"cause":"No record was found for a delete.","modelName":"Todo"},"name":"PrismaClientKnownRequestError"},"level":"error","message":"Failed to Delete","timestamp":"2025-08-05T08:27:17.343Z"}
{"error":{"clientVersion":"6.13.0","code":"P2025","meta":{"cause":"No record was found for a delete.","modelName":"Todo"},"name":"PrismaClientKnownRequestError"},"level":"error","message":"Failed to Delete","timestamp":"2025-08-05T08:30:19.290Z"}
{"error":{"clientVersion":"6.13.0","code":"P2025","meta":{"cause":"No record was found for a delete.","modelName":"Todo"},"name":"PrismaClientKnownRequestError"},"level":"error","message":"Failed to Delete","timestamp":"2025-08-05T08:32:39.943Z"}
{"code":"P2025","level":"error","message":"Failed to Delete \nInvalid `prisma.todo.delete()` invocation in\nE:\\Backend Todo\\Todo\\src\\controllers\\todo.controllers.ts:60:49\n\n  57   return res.status(400).json({ message: \"Todo ID is required\" });\n  58 }\n  59 try {\n→ 60   const deletedTodo = await prisma.todo.delete(\nAn operation failed because it depends on one or more records that were required but not found. No record was found for a delete.","meta":{"cause":"No record was found for a delete.","modelName":"Todo"},"name":"PrismaClientKnownRequestError","stack":"PrismaClientKnownRequestError: \nInvalid `prisma.todo.delete()` invocation in\nE:\\Backend Todo\\Todo\\src\\controllers\\todo.controllers.ts:60:49\n\n  57   return res.status(400).json({ message: \"Todo ID is required\" });\n  58 }\n  59 try {\n→ 60   const deletedTodo = await prisma.todo.delete(\nAn operation failed because it depends on one or more records that were required but not found. No record was found for a delete.\n    at ri.handleRequestError (E:\\Backend Todo\\Todo\\src\\generated\\prisma\\runtime\\library.js:124:7459)\n    at ri.handleAndLogRequestError (E:\\Backend Todo\\Todo\\src\\generated\\prisma\\runtime\\library.js:124:6784)\n    at ri.request (E:\\Backend Todo\\Todo\\src\\generated\\prisma\\runtime\\library.js:124:6491)\n    at async l (E:\\Backend Todo\\Todo\\src\\generated\\prisma\\runtime\\library.js:133:9812)\n    at async deleteTodo (E:\\Backend Todo\\Todo\\src\\controllers\\todo.controllers.ts:60:25)","timestamp":"2025-08-05T08:35:03.095Z"}
{"code":"P2025","level":"error","message":"Failed to Delete \nInvalid `prisma.todo.delete()` invocation in\nE:\\Backend Todo\\Todo\\src\\controllers\\todo.controllers.ts:60:49\n\n  57   return res.status(400).json({ message: \"Todo ID is required\" });\n  58 }\n  59 try {\n→ 60   const deletedTodo = await prisma.todo.delete(\nAn operation failed because it depends on one or more records that were required but not found. No record was found for a delete.","meta":{"cause":"No record was found for a delete.","modelName":"Todo"},"name":"PrismaClientKnownRequestError","stack":"PrismaClientKnownRequestError: \nInvalid `prisma.todo.delete()` invocation in\nE:\\Backend Todo\\Todo\\src\\controllers\\todo.controllers.ts:60:49\n\n  57   return res.status(400).json({ message: \"Todo ID is required\" });\n  58 }\n  59 try {\n→ 60   const deletedTodo = await prisma.todo.delete(\nAn operation failed because it depends on one or more records that were required but not found. No record was found for a delete.\n    at ri.handleRequestError (E:\\Backend Todo\\Todo\\src\\generated\\prisma\\runtime\\library.js:124:7459)\n    at ri.handleAndLogRequestError (E:\\Backend Todo\\Todo\\src\\generated\\prisma\\runtime\\library.js:124:6784)\n    at ri.request (E:\\Backend Todo\\Todo\\src\\generated\\prisma\\runtime\\library.js:124:6491)\n    at async l (E:\\Backend Todo\\Todo\\src\\generated\\prisma\\runtime\\library.js:133:9812)\n    at async deleteTodo (E:\\Backend Todo\\Todo\\src\\controllers\\todo.controllers.ts:60:25)","timestamp":"2025-08-05T08:38:02.132Z"}
{"code":"P2025","level":"error","message":"Failed to Delete \nInvalid `prisma.todo.delete()` invocation in\nE:\\Backend Todo\\Todo\\src\\controllers\\todo.controllers.ts:60:49\n\n  57   return res.status(400).json({ message: \"Todo ID is required\" });\n  58 }\n  59 try {\n→ 60   const deletedTodo = await prisma.todo.delete(\nAn operation failed because it depends on one or more records that were required but not found. No record was found for a delete.","meta":{"cause":"No record was found for a delete.","modelName":"Todo"},"name":"PrismaClientKnownRequestError","stack":"PrismaClientKnownRequestError: \nInvalid `prisma.todo.delete()` invocation in\nE:\\Backend Todo\\Todo\\src\\controllers\\todo.controllers.ts:60:49\n\n  57   return res.status(400).json({ message: \"Todo ID is required\" });\n  58 }\n  59 try {\n→ 60   const deletedTodo = await prisma.todo.delete(\nAn operation failed because it depends on one or more records that were required but not found. No record was found for a delete.\n    at ri.handleRequestError (E:\\Backend Todo\\Todo\\src\\generated\\prisma\\runtime\\library.js:124:7459)\n    at ri.handleAndLogRequestError (E:\\Backend Todo\\Todo\\src\\generated\\prisma\\runtime\\library.js:124:6784)\n    at ri.request (E:\\Backend Todo\\Todo\\src\\generated\\prisma\\runtime\\library.js:124:6491)\n    at async l (E:\\Backend Todo\\Todo\\src\\generated\\prisma\\runtime\\library.js:133:9812)\n    at async deleteTodo (E:\\Backend Todo\\Todo\\src\\controllers\\todo.controllers.ts:60:25)","timestamp":"2025-08-05T08:38:05.315Z"}
{"code":"P2025","level":"error","message":"Failed to Delete \nInvalid `prisma.todo.delete()` invocation in\nE:\\Backend Todo\\Todo\\src\\controllers\\todo.controllers.ts:60:49\n\n  57   return res.status(400).json({ message: \"Todo ID is required\" });\n  58 }\n  59 try {\n→ 60   const deletedTodo = await prisma.todo.delete(\nAn operation failed because it depends on one or more records that were required but not found. No record was found for a delete.","meta":{"cause":"No record was found for a delete.","modelName":"Todo"},"name":"PrismaClientKnownRequestError","stack":"PrismaClientKnownRequestError: \nInvalid `prisma.todo.delete()` invocation in\nE:\\Backend Todo\\Todo\\src\\controllers\\todo.controllers.ts:60:49\n\n  57   return res.status(400).json({ message: \"Todo ID is required\" });\n  58 }\n  59 try {\n→ 60   const deletedTodo = await prisma.todo.delete(\nAn operation failed because it depends on one or more records that were required but not found. No record was found for a delete.\n    at ri.handleRequestError (E:\\Backend Todo\\Todo\\src\\generated\\prisma\\runtime\\library.js:124:7459)\n    at ri.handleAndLogRequestError (E:\\Backend Todo\\Todo\\src\\generated\\prisma\\runtime\\library.js:124:6784)\n    at ri.request (E:\\Backend Todo\\Todo\\src\\generated\\prisma\\runtime\\library.js:124:6491)\n    at async l (E:\\Backend Todo\\Todo\\src\\generated\\prisma\\runtime\\library.js:133:9812)\n    at async deleteTodo (E:\\Backend Todo\\Todo\\src\\controllers\\todo.controllers.ts:60:25)","timestamp":"2025-08-05T08:38:40.363Z"}
{"error":{"clientVersion":"6.13.0","code":"P2025","meta":{"cause":"No record was found for a delete.","modelName":"Todo"},"name":"PrismaClientKnownRequestError"},"level":"error","message":"Failed to Delete","timestamp":"2025-08-05T08:39:09.497Z"}
{"error":{"clientVersion":"6.13.0","code":"P2025","meta":{"cause":"No record was found for a delete.","modelName":"Todo"},"name":"PrismaClientKnownRequestError"},"level":"error","message":"Failed to Delete","timestamp":"2025-08-05T08:40:08.006Z"}
{"error":{"clientVersion":"6.13.0","code":"P2025","meta":{"cause":"No record was found for a delete.","modelName":"Todo"},"name":"PrismaClientKnownRequestError"},"level":"error","message":"Failed to Delete","timestamp":"2025-08-05T08:41:46.992Z"}
{"error":{"clientVersion":"6.13.0","code":"P2025","meta":{"cause":"No record was found for a delete.","modelName":"Todo"},"name":"PrismaClientKnownRequestError"},"level":"error","message":"Failed to Delete","timestamp":"2025-08-05T08:41:49.928Z"}
{"error":{"clientVersion":"6.13.0","code":"P2025","meta":{"cause":"No record was found for a delete.","modelName":"Todo"},"name":"PrismaClientKnownRequestError"},"level":"error","message":"Failed to Delete","timestamp":"2025-08-05T08:43:25.031Z"}
{"error":{"clientVersion":"6.13.0","code":"P2025","meta":{"cause":"No record was found for a delete.","modelName":"Todo"},"name":"PrismaClientKnownRequestError"},"level":"error","message":"Failed to Delete","timestamp":"2025-08-05T08:43:47.794Z"}
{"error":{"clientVersion":"6.13.0","code":"P2025","meta":{"cause":"No record was found for a delete.","modelName":"Todo"},"name":"PrismaClientKnownRequestError"},"level":"error","message":"Failed to Delete","timestamp":"2025-08-05T08:50:56.342Z"}
{"error":{"clientVersion":"6.13.0","code":"P2025","meta":{"cause":"No record was found for a delete.","modelName":"Todo"},"name":"PrismaClientKnownRequestError"},"level":"error","message":"Failed to Delete","timestamp":"2025-08-05T11:59:34.708Z"}
{"error":{"code":"ERR_HTTP_HEADERS_SENT"},"level":"error","message":"Failed to Update","timestamp":"2025-08-05T13:39:13.205Z"}
{"error":{"clientVersion":"6.13.0","code":"P2025","meta":{"cause":"No record was found for a delete.","modelName":"Todo"},"name":"PrismaClientKnownRequestError"},"level":"error","message":"Failed to Delete","timestamp":"2025-08-06T05:21:11.540Z"}
{"error":{"clientVersion":"6.13.0","code":"P2025","meta":{"cause":"No record was found for a delete.","modelName":"Todo"},"name":"PrismaClientKnownRequestError"},"level":"error","message":"Failed to Delete","timestamp":"2025-08-06T06:07:17.954Z"}
{"error":{"clientVersion":"6.13.0","code":"P2025","meta":{"cause":"No record was found for a delete.","modelName":"Todo"},"name":"PrismaClientKnownRequestError"},"level":"error","message":"Failed to Delete","timestamp":"2025-08-06T06:07:31.916Z"}
{"error":{"clientVersion":"6.13.0","name":"PrismaClientValidationError"},"level":"error","message":"Failed to Update","timestamp":"2025-08-06T06:35:59.492Z"}
{"error":{"clientVersion":"6.13.0","code":"P2025","meta":{"cause":"No record was found for a delete.","modelName":"Todo"},"name":"PrismaClientKnownRequestError"},"level":"error","message":"Failed to Delete","timestamp":"2025-08-06T08:32:14.889Z"}
{"error":{"clientVersion":"6.13.0","code":"P2025","meta":{"cause":"No record was found for a delete.","modelName":"Todo"},"name":"PrismaClientKnownRequestError"},"level":"error","message":"Failed to Delete","timestamp":"2025-08-06T08:32:15.099Z"}
{"error":{"clientVersion":"6.13.0","code":"P2025","meta":{"cause":"No record was found for a delete.","modelName":"Todo"},"name":"PrismaClientKnownRequestError"},"level":"error","message":"Failed to Delete","timestamp":"2025-08-06T08:32:15.371Z"}
{"error":{"clientVersion":"6.13.0","code":"P2025","meta":{"cause":"No record was found for a delete.","modelName":"Todo"},"name":"PrismaClientKnownRequestError"},"level":"error","message":"Failed to Delete","timestamp":"2025-08-06T08:32:15.629Z"}
{"error":{"clientVersion":"6.13.0","code":"P2025","meta":{"cause":"No record was found for a delete.","modelName":"Todo"},"name":"PrismaClientKnownRequestError"},"level":"error","message":"Failed to Delete","timestamp":"2025-08-06T08:32:15.894Z"}
{"error":{"clientVersion":"6.13.0","code":"P2025","meta":{"cause":"No record was found for a delete.","modelName":"Todo"},"name":"PrismaClientKnownRequestError"},"level":"error","message":"Failed to Delete","timestamp":"2025-08-06T08:32:16.150Z"}
{"error":{"clientVersion":"6.13.0","code":"P2025","meta":{"cause":"No record was found for a delete.","modelName":"Todo"},"name":"PrismaClientKnownRequestError"},"level":"error","message":"Failed to Delete","timestamp":"2025-08-06T08:32:16.701Z"}
{"error":{"clientVersion":"6.13.0","code":"P2025","meta":{"cause":"No record was found for a delete.","modelName":"Todo"},"name":"PrismaClientKnownRequestError"},"level":"error","message":"Failed to Delete","timestamp":"2025-08-06T08:32:16.964Z"}
{"error":{"clientVersion":"6.13.0","code":"P2025","meta":{"cause":"No record was found for a delete.","modelName":"Todo"},"name":"PrismaClientKnownRequestError"},"level":"error","message":"Failed to Delete","timestamp":"2025-08-06T08:32:16.973Z"}
{"error":{"clientVersion":"6.13.0","code":"P2025","meta":{"cause":"No record was found for a delete.","modelName":"Todo"},"name":"PrismaClientKnownRequestError"},"level":"error","message":"Failed to Delete","timestamp":"2025-08-06T08:32:16.982Z"}
{"error":{"clientVersion":"6.13.0","code":"P2025","meta":{"cause":"No record was found for a delete.","modelName":"Todo"},"name":"PrismaClientKnownRequestError"},"level":"error","message":"Failed to Delete","timestamp":"2025-08-06T08:32:16.988Z"}
{"error":{"clientVersion":"6.13.0","code":"P2025","meta":{"cause":"No record was found for a delete.","modelName":"Todo"},"name":"PrismaClientKnownRequestError"},"level":"error","message":"Failed to Delete","timestamp":"2025-08-06T08:32:17.002Z"}
{"error":{"clientVersion":"6.13.0","code":"P2025","meta":{"cause":"No record was found for a delete.","modelName":"Todo"},"name":"PrismaClientKnownRequestError"},"level":"error","message":"Failed to Delete","timestamp":"2025-08-06T08:32:17.220Z"}
{"error":{"clientVersion":"6.13.0","code":"P2025","meta":{"cause":"No record was found for a delete.","modelName":"Todo"},"name":"PrismaClientKnownRequestError"},"level":"error","message":"Failed to Delete","timestamp":"2025-08-06T08:32:17.224Z"}
{"error":{"clientVersion":"6.13.0","code":"P2025","meta":{"cause":"No record was found for a delete.","modelName":"Todo"},"name":"PrismaClientKnownRequestError"},"level":"error","message":"Failed to Delete","timestamp":"2025-08-06T08:32:17.226Z"}
{"error":{"clientVersion":"6.13.0","code":"P2025","meta":{"cause":"No record was found for a delete.","modelName":"Todo"},"name":"PrismaClientKnownRequestError"},"level":"error","message":"Failed to Delete","timestamp":"2025-08-06T08:32:17.230Z"}
{"error":{"clientVersion":"6.13.0","code":"P2025","meta":{"cause":"No record was found for a delete.","modelName":"Todo"},"name":"PrismaClientKnownRequestError"},"level":"error","message":"Failed to Delete","timestamp":"2025-08-06T08:32:17.236Z"}
{"error":{"clientVersion":"6.13.0","code":"P2025","meta":{"cause":"No record was found for a delete.","modelName":"Todo"},"name":"PrismaClientKnownRequestError"},"level":"error","message":"Failed to Delete","timestamp":"2025-08-06T08:32:17.480Z"}
{"error":{"clientVersion":"6.13.0","code":"P2025","meta":{"cause":"No record was found for a delete.","modelName":"Todo"},"name":"PrismaClientKnownRequestError"},"level":"error","message":"Failed to Delete","timestamp":"2025-08-06T08:32:17.488Z"}
{"error":{"clientVersion":"6.13.0","code":"P2025","meta":{"cause":"No record was found for a delete.","modelName":"Todo"},"name":"PrismaClientKnownRequestError"},"level":"error","message":"Failed to Delete","timestamp":"2025-08-06T08:40:25.920Z"}
{"error":{"clientVersion":"6.13.0","code":"P2025","meta":{"cause":"No record was found for a delete.","modelName":"Todo"},"name":"PrismaClientKnownRequestError"},"level":"error","message":"Failed to Delete","timestamp":"2025-08-06T08:40:25.930Z"}
{"error":{"clientVersion":"6.13.0","code":"P2025","meta":{"cause":"No record was found for a delete.","modelName":"Todo"},"name":"PrismaClientKnownRequestError"},"level":"error","message":"Failed to Delete","timestamp":"2025-08-06T09:44:19.123Z"}
{"error":{"clientVersion":"6.13.0","code":"P2025","meta":{"cause":"No record was found for a delete.","modelName":"Todo"},"name":"PrismaClientKnownRequestError"},"level":"error","message":"Failed to Delete","timestamp":"2025-08-06T09:44:21.083Z"}
{"error":{"clientVersion":"6.13.0","code":"P2025","meta":{"cause":"No record was found for a delete.","modelName":"Todo"},"name":"PrismaClientKnownRequestError"},"level":"error","message":"Failed to Delete","timestamp":"2025-08-06T09:44:21.090Z"}
{"error":{"clientVersion":"6.13.0","code":"P2025","meta":{"cause":"No record was found for a delete.","modelName":"Todo"},"name":"PrismaClientKnownRequestError"},"level":"error","message":"Failed to Delete","timestamp":"2025-08-06T09:44:21.355Z"}
{"error":{"clientVersion":"6.13.0","code":"P2025","meta":{"cause":"No record was found for a delete.","modelName":"Todo"},"name":"PrismaClientKnownRequestError"},"level":"error","message":"Failed to Delete","timestamp":"2025-08-06T09:44:21.480Z"}
{"error":{},"level":"error","message":"Failed to Update","timestamp":"2025-08-06T11:07:02.621Z"}
{"error":{},"level":"error","message":"Failed to Update","timestamp":"2025-08-06T11:08:48.338Z"}
{"error":{},"level":"error","message":"Failed to Update","timestamp":"2025-08-06T11:16:12.514Z"}
{"error":{},"level":"error","message":"Failed to Update","timestamp":"2025-08-06T11:19:53.210Z"}
{"error":{},"level":"error","message":"Failed to Update","timestamp":"2025-08-06T11:20:57.356Z"}
{"error":{"clientVersion":"6.13.0","code":"P1001","meta":{"database_location":"ep-odd-bar-ae5ug7n3-pooler.c-2.us-east-2.aws.neon.tech:5432","modelName":"Todo"},"name":"PrismaClientKnownRequestError"},"level":"error","message":"Failed to Add","timestamp":"2025-08-06T13:43:04.694Z"}
{"error":{"clientVersion":"6.13.0","code":"P2025","meta":{"cause":"No record was found for a delete.","modelName":"Todo"},"name":"PrismaClientKnownRequestError"},"level":"error","message":"Failed to Delete","timestamp":"2025-08-06T13:44:31.042Z"}
{"error":{"clientVersion":"6.13.0","code":"P2025","meta":{"cause":"No record was found for a delete.","modelName":"Todo"},"name":"PrismaClientKnownRequestError"},"level":"error","message":"Failed to Delete","timestamp":"2025-08-06T14:33:16.016Z"}
{"error":{"clientVersion":"6.13.0","code":"P2025","meta":{"cause":"No record was found for a delete.","modelName":"Todo"},"name":"PrismaClientKnownRequestError"},"level":"error","message":"Failed to Delete","timestamp":"2025-08-06T14:33:16.258Z"}
{"error":{"clientVersion":"6.13.0","code":"P2025","meta":{"cause":"No record was found for a delete.","modelName":"Todo"},"name":"PrismaClientKnownRequestError"},"level":"error","message":"Failed to Delete","timestamp":"2025-08-06T14:33:18.247Z"}
{"error":{"clientVersion":"6.13.0","code":"P2025","meta":{"cause":"No record was found for a delete.","modelName":"Todo"},"name":"PrismaClientKnownRequestError"},"level":"error","message":"Failed to Delete","timestamp":"2025-08-06T14:33:18.565Z"}
{"error":{"clientVersion":"6.13.0","code":"P2025","meta":{"cause":"No record was found for a delete.","modelName":"Todo"},"name":"PrismaClientKnownRequestError"},"level":"error","message":"Failed to Delete","timestamp":"2025-08-06T14:33:18.568Z"}
{"error":{"clientVersion":"6.13.0","code":"P2025","meta":{"cause":"No record was found for a delete.","modelName":"Todo"},"name":"PrismaClientKnownRequestError"},"level":"error","message":"Failed to Delete","timestamp":"2025-08-06T14:33:18.570Z"}
{"error":{"clientVersion":"6.13.0","code":"P2025","meta":{"cause":"No record was found for a delete.","modelName":"Todo"},"name":"PrismaClientKnownRequestError"},"level":"error","message":"Failed to Delete","timestamp":"2025-08-06T14:33:37.284Z"}
{"error":{"clientVersion":"6.13.0","code":"P2025","meta":{"cause":"No record was found for a delete.","modelName":"Todo"},"name":"PrismaClientKnownRequestError"},"level":"error","message":"Failed to Delete","timestamp":"2025-08-06T14:38:31.224Z"}
{"error":{"clientVersion":"6.13.0","code":"P2025","meta":{"cause":"No record was found for a delete.","modelName":"Todo"},"name":"PrismaClientKnownRequestError"},"level":"error","message":"Failed to Delete","timestamp":"2025-08-06T14:39:31.955Z"}
{"error":{"clientVersion":"6.13.0","code":"P2025","meta":{"cause":"No record was found for a delete.","modelName":"Todo"},"name":"PrismaClientKnownRequestError"},"level":"error","message":"Failed to Delete","timestamp":"2025-08-06T14:42:09.070Z"}
{"error":{"clientVersion":"6.13.0","code":"P2025","meta":{"cause":"No record was found for a delete.","modelName":"Todo"},"name":"PrismaClientKnownRequestError"},"level":"error","message":"Failed to Delete","timestamp":"2025-08-06T14:43:21.678Z"}
{"error":{"clientVersion":"6.13.0","code":"P1001","meta":{"database_location":"ep-odd-bar-ae5ug7n3-pooler.c-2.us-east-2.aws.neon.tech:5432","modelName":"Todo"},"name":"PrismaClientKnownRequestError"},"level":"error","message":"Failed to fetch todos","timestamp":"2025-08-06T15:43:02.621Z"}
{"error":{"clientVersion":"6.13.0","code":"P1001","meta":{"database_location":"ep-odd-bar-ae5ug7n3-pooler.c-2.us-east-2.aws.neon.tech:5432","modelName":"Todo"},"name":"PrismaClientKnownRequestError"},"level":"error","message":"Failed to Update","timestamp":"2025-08-06T15:56:27.718Z"}
{"error":{"clientVersion":"6.13.0","code":"P1001","meta":{"database_location":"ep-odd-bar-ae5ug7n3-pooler.c-2.us-east-2.aws.neon.tech:5432","modelName":"Todo"},"name":"PrismaClientKnownRequestError"},"level":"error","message":"Failed to fetch todos","timestamp":"2025-08-06T16:18:03.742Z"}
{"error":{"clientVersion":"6.13.0","name":"PrismaClientValidationError"},"level":"error","message":"Failed to Add","timestamp":"2025-08-07T09:08:24.308Z"}
{"error":{"clientVersion":"6.13.0","name":"PrismaClientValidationError"},"level":"error","message":"Failed to Add","timestamp":"2025-08-07T09:08:34.082Z"}
{"error":{"clientVersion":"6.13.0","name":"PrismaClientValidationError"},"level":"error","message":"Failed to Add","timestamp":"2025-08-07T09:43:00.925Z"}
{"error":{"clientVersion":"6.13.0","name":"PrismaClientValidationError"},"level":"error","message":"Failed to Add","timestamp":"2025-08-07T09:46:04.498Z"}
{"error":{"clientVersion":"6.13.0","name":"PrismaClientValidationError"},"level":"error","message":"Failed to Add","timestamp":"2025-08-07T09:46:56.823Z"}
{"error":{"clientVersion":"6.13.0","name":"PrismaClientValidationError"},"level":"error","message":"Failed to Add","timestamp":"2025-08-07T09:49:18.930Z"}
{"error":{"clientVersion":"6.13.0","name":"PrismaClientValidationError"},"level":"error","message":"Failed to Add","timestamp":"2025-08-07T09:50:19.721Z"}
{"error":{"clientVersion":"6.13.0","name":"PrismaClientValidationError"},"level":"error","message":"Failed to Add","timestamp":"2025-08-07T09:51:49.041Z"}
{"error":{"clientVersion":"6.13.0","name":"PrismaClientValidationError"},"level":"error","message":"Failed to Add","timestamp":"2025-08-07T09:57:21.813Z"}
{"error":{"clientVersion":"6.13.0","name":"PrismaClientInitializationError"},"level":"error","message":"Failed to Add","timestamp":"2025-08-07T10:01:12.914Z"}
{"error":{"clientVersion":"6.13.0","name":"PrismaClientInitializationError"},"level":"error","message":"Failed to Add","timestamp":"2025-08-07T10:03:09.612Z"}
{"error":{"clientVersion":"6.13.0","name":"PrismaClientValidationError"},"level":"error","message":"Failed to Add","timestamp":"2025-08-07T10:50:34.186Z"}
{"error":{"clientVersion":"6.13.0","name":"PrismaClientValidationError"},"level":"error","message":"Failed to Add","timestamp":"2025-08-07T10:56:32.682Z"}
{"error":{"clientVersion":"6.13.0","code":"P1001","meta":{"database_location":"ep-odd-bar-ae5ug7n3-pooler.c-2.us-east-2.aws.neon.tech:5432","modelName":"Todo"},"name":"PrismaClientKnownRequestError"},"level":"error","message":"Failed to fetch todos","timestamp":"2025-08-08T11:36:58.985Z"}
